This is pdfTeX, Version 3.14159265-2.6-1.40.17 (TeX Live 2016) (preloaded format=pdflatex 2016.5.22)  25 APR 2017 20:54
entering extended mode
 restricted \write18 enabled.
 file:line:error style messages enabled.
 %&-line parsing enabled.
**Run_This_Example.tex
(./Run_This_Example.tex
LaTeX2e <2016/03/31>
Babel <3.9r> and hyphenation patterns for 83 language(s) loaded.
(./krantz.cls
Document Class: krantz 2005/09/16 v1.4f Standard LaTeX document class
(/usr/local/texlive/2016/texmf-dist/tex/latex/base/bk10.clo
File: bk10.clo 2014/09/29 v1.4h Standard LaTeX file (size option)
)
\trimheight=\dimen102
\trimwidth=\dimen103
\normaltextheight=\dimen104
\tempa=\dimen105
\tempdimen=\dimen106
\htrim=\dimen107
\vtrimtop=\dimen108
\vtrimbot=\dimen109
\ul@box=\box26
\ur@box=\box27
\ll@box=\box28
\lr@box=\box29
\@cipboxa=\box30
\@cipboxb=\box31
\@ciprulewidth=\dimen110
\c@part=\count79
\c@chapter=\count80
\c@section=\count81
\c@subsection=\count82
\c@subsubsection=\count83
\c@paragraph=\count84
\c@subparagraph=\count85
\@chaptoc=\write3
\secwd=\dimen111
\subsecwd=\dimen112
\subsubsecwd=\dimen113
\c@figure=\count86
\c@table=\count87
\abovecaptionskip=\skip41
\belowcaptionskip=\skip42
\c@numauthors=\count88
\section@toc@skip=\skip43
\SectionTOCWidth=\skip44
\subsection@toc@skip=\skip45
\SubSectionTOCWidth=\skip46
\subsubsection@toc@skip=\skip47
\SubSubSectionTOCWidth=\skip48
\paragraph@toc@skip=\skip49
\ParagraphTOCWidth=\skip50
\subparagraph@toc@skip=\skip51
\@AUonebox=\box32
\@AUtwobox=\box33
\@AUthreebox=\box34
\@AUfourbox=\box35
\@AUaffonebox=\box36
\@AUafftwobox=\box37
\@AUaffthreebox=\box38
\@AUafffourbox=\box39
\@finalAUboxfromone=\box40
\@finalAUboxfromtwo=\box41
\@finalAUboxfromthree=\box42
\@finalAUboxfromfour=\box43
\c@chaptocdepth=\count89
\bibindent=\dimen114
\tempbox=\box44
\nomenwidth=\dimen115
\@tablebox=\box45
\@tabletitlebox=\box46
\@tablewidth=\dimen116
\@tabletitlewidth=\dimen117
\max@tablewidth=\dimen118
\tempbox=\box47
\tempdimen=\dimen119
\tempbox=\box48
\notewidth=\dimen120
\wherebox=\box49
\wherewidth=\dimen121
\listtextleftmargin=\skip52
\listtextleftmarginii=\skip53
\listtextleftmarginiii=\skip54
\listtextrightmargin=\skip55
\listlabelleftskip=\skip56
\listlabelleftskipii=\skip57
\listlabelleftskipiii=\skip58
\abovelistskipi=\skip59
\belowlistskipi=\skip60
\abovelistskipii=\skip61
\belowlistskipii=\skip62
\abovelistskipiii=\skip63
\belowlistskipiii=\skip64
\labelsepi=\skip65
\labelsepii=\skip66
\labelsepiii=\skip67
\itemsepi=\skip68
\itemsepii=\skip69
\itemsepiii=\skip70
\enumdimwd=\dimen122
\enumdim=\dimen123
\concolwidth=\dimen124
\stempbox=\box50
)
(/usr/local/texlive/2016/texmf-dist/tex/latex/base/fixltx2e.sty
Package: fixltx2e 2015/06/22 v2.0b fixes to LaTeX (obsolete)


Package fixltx2e Warning: fixltx2e is not required with releases after 2015
(fixltx2e)                All fixes are now in the LaTeX kernel.
(fixltx2e)                See the latexrelease package for details.

) (/usr/local/texlive/2016/texmf-dist/tex/latex/base/fix-cm.sty
Package: fix-cm 2015/01/14 v1.1t fixes to LaTeX

(/usr/local/texlive/2016/texmf-dist/tex/latex/base/ts1enc.def
File: ts1enc.def 2001/06/05 v3.0e (jk/car/fm) Standard LaTeX file
))
(/usr/local/texlive/2016/texmf-dist/tex/latex/amsfonts/amssymb.sty
Package: amssymb 2013/01/14 v3.01 AMS font symbols

(/usr/local/texlive/2016/texmf-dist/tex/latex/amsfonts/amsfonts.sty
Package: amsfonts 2013/01/14 v3.01 Basic AMSFonts support
\@emptytoks=\toks14
\symAMSa=\mathgroup4
\symAMSb=\mathgroup5
LaTeX Font Info:    Overwriting math alphabet `\mathfrak' in version `bold'
(Font)                  U/euf/m/n --> U/euf/b/n on input line 106.
))
(/usr/local/texlive/2016/texmf-dist/tex/latex/amsmath/amsmath.sty
Package: amsmath 2016/03/10 v2.15b AMS math features
\@mathmargin=\skip71

For additional information on amsmath, use the `?' option.
(/usr/local/texlive/2016/texmf-dist/tex/latex/amsmath/amstext.sty
Package: amstext 2000/06/29 v2.01 AMS text

(/usr/local/texlive/2016/texmf-dist/tex/latex/amsmath/amsgen.sty
File: amsgen.sty 1999/11/30 v2.0 generic functions
\@emptytoks=\toks15
\ex@=\dimen125
))
(/usr/local/texlive/2016/texmf-dist/tex/latex/amsmath/amsbsy.sty
Package: amsbsy 1999/11/29 v1.2d Bold Symbols
\pmbraise@=\dimen126
)
(/usr/local/texlive/2016/texmf-dist/tex/latex/amsmath/amsopn.sty
Package: amsopn 2016/03/08 v2.02 operator names
)
\inf@bad=\count90
LaTeX Info: Redefining \frac on input line 199.
\uproot@=\count91
\leftroot@=\count92
LaTeX Info: Redefining \overline on input line 297.
\classnum@=\count93
\DOTSCASE@=\count94
LaTeX Info: Redefining \ldots on input line 394.
LaTeX Info: Redefining \dots on input line 397.
LaTeX Info: Redefining \cdots on input line 518.
\Mathstrutbox@=\box51
\strutbox@=\box52
\big@size=\dimen127
LaTeX Font Info:    Redeclaring font encoding OML on input line 634.
LaTeX Font Info:    Redeclaring font encoding OMS on input line 635.
\macc@depth=\count95
\c@MaxMatrixCols=\count96
\dotsspace@=\muskip10
\c@parentequation=\count97
\dspbrk@lvl=\count98
\tag@help=\toks16
\row@=\count99
\column@=\count100
\maxfields@=\count101
\andhelp@=\toks17
\eqnshift@=\dimen128
\alignsep@=\dimen129
\tagshift@=\dimen130
\tagwidth@=\dimen131
\totwidth@=\dimen132
\lineht@=\dimen133
\@envbody=\toks18
\multlinegap=\skip72
\multlinetaggap=\skip73
\mathdisplay@stack=\toks19
LaTeX Info: Redefining \[ on input line 2739.
LaTeX Info: Redefining \] on input line 2740.
)
(/usr/local/texlive/2016/texmf-dist/tex/latex/graphics/graphicx.sty
Package: graphicx 2014/10/28 v1.0g Enhanced LaTeX Graphics (DPC,SPQR)

(/usr/local/texlive/2016/texmf-dist/tex/latex/graphics/keyval.sty
Package: keyval 2014/10/28 v1.15 key=value parser (DPC)
\KV@toks@=\toks20
)
(/usr/local/texlive/2016/texmf-dist/tex/latex/graphics/graphics.sty
Package: graphics 2016/05/09 v1.0r Standard LaTeX Graphics (DPC,SPQR)

(/usr/local/texlive/2016/texmf-dist/tex/latex/graphics/trig.sty
Package: trig 2016/01/03 v1.10 sin cos tan (DPC)
)
(/usr/local/texlive/2016/texmf-dist/tex/latex/graphics-cfg/graphics.cfg
File: graphics.cfg 2016/01/02 v1.10 sample graphics configuration
)
Package graphics Info: Driver file: pdftex.def on input line 96.

(/usr/local/texlive/2016/texmf-dist/tex/latex/pdftex-def/pdftex.def
File: pdftex.def 2011/05/27 v0.06d Graphics/color for pdfTeX

(/usr/local/texlive/2016/texmf-dist/tex/generic/oberdiek/infwarerr.sty
Package: infwarerr 2016/05/16 v1.4 Providing info/warning/error messages (HO)
)
(/usr/local/texlive/2016/texmf-dist/tex/generic/oberdiek/ltxcmds.sty
Package: ltxcmds 2016/05/16 v1.23 LaTeX kernel commands for general use (HO)
)
\Gread@gobject=\count102
))
\Gin@req@height=\dimen134
\Gin@req@width=\dimen135
)
(/usr/local/texlive/2016/texmf-dist/tex/latex/subfigure/subfigure.sty
Package: subfigure 2002/03/15 v2.1.5 subfigure package
\subfigtopskip=\skip74
\subfigcapskip=\skip75
\subfigcaptopadj=\dimen136
\subfigbottomskip=\skip76
\subfigcapmargin=\dimen137
\subfiglabelskip=\skip77
\c@subfigure=\count103
\c@lofdepth=\count104
\c@subtable=\count105
\c@lotdepth=\count106

****************************************
* Local config file subfigure.cfg used *
****************************************
(/usr/local/texlive/2016/texmf-dist/tex/latex/subfigure/subfigure.cfg)
\subfig@top=\skip78
\subfig@bottom=\skip79
)
(/usr/local/texlive/2016/texmf-dist/tex/latex/base/makeidx.sty
Package: makeidx 2014/09/29 v1.0m Standard LaTeX package
)
(/usr/local/texlive/2016/texmf-dist/tex/latex/tools/multicol.sty
Package: multicol 2016/04/07 v1.8p multicolumn formatting (FMi)
\c@tracingmulticols=\count107
\mult@box=\box53
\multicol@leftmargin=\dimen138
\c@unbalance=\count108
\c@collectmore=\count109
\doublecol@number=\count110
\multicoltolerance=\count111
\multicolpretolerance=\count112
\full@width=\dimen139
\page@free=\dimen140
\premulticols=\dimen141
\postmulticols=\dimen142
\multicolsep=\skip80
\multicolbaselineskip=\skip81
\partial@page=\box54
\last@line=\box55
\maxbalancingoverflow=\dimen143
\mult@rightbox=\box56
\mult@grightbox=\box57
\mult@gfirstbox=\box58
\mult@firstbox=\box59
\@tempa=\box60
\@tempa=\box61
\@tempa=\box62
\@tempa=\box63
\@tempa=\box64
\@tempa=\box65
\@tempa=\box66
\@tempa=\box67
\@tempa=\box68
\@tempa=\box69
\@tempa=\box70
\@tempa=\box71
\@tempa=\box72
\@tempa=\box73
\@tempa=\box74
\@tempa=\box75
\@tempa=\box76
\c@columnbadness=\count113
\c@finalcolumnbadness=\count114
\last@try=\dimen144
\multicolovershoot=\dimen145
\multicolundershoot=\dimen146
\mult@nat@firstbox=\box77
\colbreak@box=\box78
\mc@col@check@num=\count115
)
\@indexfile=\write4
\openout4 = `Run_This_Example.idx'.


Writing index file Run_This_Example.idx
\@input{frontmatter/preamble.aux}
\openout2 = `frontmatter/preamble.aux'.

(./frontmatter/preamble.tex
\c@theorem=\count116
\c@exercise=\count117
\c@example=\count118
\c@definition=\count119
)
\c@proof=\count120

No file Run_This_Example.aux.
\openout1 = `Run_This_Example.aux'.

LaTeX Font Info:    Checking defaults for OML/cmm/m/it on input line 19.
LaTeX Font Info:    ... okay on input line 19.
LaTeX Font Info:    Checking defaults for T1/cmr/m/n on input line 19.
LaTeX Font Info:    ... okay on input line 19.
LaTeX Font Info:    Checking defaults for OT1/cmr/m/n on input line 19.
LaTeX Font Info:    ... okay on input line 19.
LaTeX Font Info:    Checking defaults for OMS/cmsy/m/n on input line 19.
LaTeX Font Info:    ... okay on input line 19.
LaTeX Font Info:    Checking defaults for OMX/cmex/m/n on input line 19.
LaTeX Font Info:    ... okay on input line 19.
LaTeX Font Info:    Checking defaults for U/cmr/m/n on input line 19.
LaTeX Font Info:    ... okay on input line 19.
LaTeX Font Info:    Checking defaults for TS1/cmr/m/n on input line 19.
LaTeX Font Info:    ... okay on input line 19.
LaTeX Font Info:    Try loading font information for OMS+cmr on input line 19.
(/usr/local/texlive/2016/texmf-dist/tex/latex/base/omscmr.fd
File: omscmr.fd 2014/09/29 v2.5h Standard LaTeX font definitions
)
LaTeX Font Info:    Font shape `OMS/cmr/m/n' in size <6> not available
(Font)              Font shape `OMS/cmsy/m/n' tried instead on input line 19.

(/usr/local/texlive/2016/texmf-dist/tex/context/base/mkii/supp-pdf.mkii
[Loading MPS to PDF converter (version 2006.09.02).]
\scratchcounter=\count121
\scratchdimen=\dimen147
\scratchbox=\box79
\nofMPsegments=\count122
\nofMParguments=\count123
\everyMPshowfont=\toks21
\MPscratchCnt=\count124
\MPscratchDim=\dimen148
\MPnumerator=\count125
\makeMPintoPDFobject=\count126
\everyMPtoPDFconversion=\toks22
) (/usr/local/texlive/2016/texmf-dist/tex/generic/oberdiek/pdftexcmds.sty
Package: pdftexcmds 2016/05/10 v0.21 Utility functions of pdfTeX for LuaTeX (HO
)

(/usr/local/texlive/2016/texmf-dist/tex/generic/oberdiek/ifluatex.sty
Package: ifluatex 2016/05/16 v1.4 Provides the ifluatex switch (HO)
Package ifluatex Info: LuaTeX not detected.
)
(/usr/local/texlive/2016/texmf-dist/tex/generic/oberdiek/ifpdf.sty
Package: ifpdf 2016/05/14 v3.1 Provides the ifpdf switch
)
Package pdftexcmds Info: LuaTeX not detected.
Package pdftexcmds Info: \pdf@primitive is available.
Package pdftexcmds Info: \pdf@ifprimitive is available.
Package pdftexcmds Info: \pdfdraftmode found.
)
(/usr/local/texlive/2016/texmf-dist/tex/latex/oberdiek/epstopdf-base.sty
Package: epstopdf-base 2016/05/15 v2.6 Base part for package epstopdf

(/usr/local/texlive/2016/texmf-dist/tex/latex/oberdiek/grfext.sty
Package: grfext 2016/05/16 v1.2 Manage graphics extensions (HO)

(/usr/local/texlive/2016/texmf-dist/tex/generic/oberdiek/kvdefinekeys.sty
Package: kvdefinekeys 2016/05/16 v1.4 Define keys (HO)
))
(/usr/local/texlive/2016/texmf-dist/tex/latex/oberdiek/kvoptions.sty
Package: kvoptions 2016/05/16 v3.12 Key value format for package options (HO)

(/usr/local/texlive/2016/texmf-dist/tex/generic/oberdiek/kvsetkeys.sty
Package: kvsetkeys 2016/05/16 v1.17 Key value parser (HO)

(/usr/local/texlive/2016/texmf-dist/tex/generic/oberdiek/etexcmds.sty
Package: etexcmds 2016/05/16 v1.6 Avoid name clashes with e-TeX commands (HO)
Package etexcmds Info: Could not find \expanded.
(etexcmds)             That can mean that you are not using pdfTeX 1.50 or
(etexcmds)             that some package has redefined \expanded.
(etexcmds)             In the latter case, load this package earlier.
)))
Package grfext Info: Graphics extension search list:
(grfext)             [.png,.pdf,.jpg,.mps,.jpeg,.jbig2,.jb2,.PNG,.PDF,.JPG,.JPE
G,.JBIG2,.JB2,.eps]
(grfext)             \AppendGraphicsExtensions on input line 456.

(/usr/local/texlive/2016/texmf-dist/tex/latex/latexconfig/epstopdf-sys.cfg
File: epstopdf-sys.cfg 2010/07/13 v1.3 Configuration of (r)epstopdf for TeX Liv
e
))
Underfull \vbox (badness 10000) has occurred while \output is active []


Overfull \hbox (336.25pt too wide) has occurred while \output is active
[]
 []


Underfull \vbox (badness 10000) has occurred while \output is active []


Overfull \hbox (336.25pt too wide) has occurred while \output is active
[]
 []


Underfull \vbox (badness 10000) has occurred while \output is active []


Overfull \hbox (336.25pt too wide) has occurred while \output is active
[]
 []


Underfull \vbox (badness 10000) has occurred while \output is active []


Overfull \hbox (336.25pt too wide) has occurred while \output is active
[]
 []


Underfull \hbox (badness 10000) has occurred while \output is active
 [][][][] 
 []

[1





{/usr/local/texlive/2016/texmf-var/fonts/map/pdftex/updmap/pdftex.map}]
\openout2 = `frontmatter/dedication.aux'.


(./frontmatter/dedication.tex
Underfull \vbox (badness 10000) has occurred while \output is active []


Overfull \hbox (336.25pt too wide) has occurred while \output is active
[]
 []


Underfull \vbox (badness 10000) has occurred while \output is active []


Overfull \hbox (336.25pt too wide) has occurred while \output is active
[]
 []


Underfull \vbox (badness 10000) has occurred while \output is active []


Overfull \hbox (336.25pt too wide) has occurred while \output is active
[]
 []


Underfull \vbox (badness 10000) has occurred while \output is active []


Overfull \hbox (336.25pt too wide) has occurred while \output is active
[]
 []


Underfull \hbox (badness 10000) has occurred while \output is active
 [][][][] 
 []

[2


])
Underfull \vbox (badness 10000) has occurred while \output is active []


Overfull \hbox (336.25pt too wide) has occurred while \output is active
[]
 []


Underfull \vbox (badness 10000) has occurred while \output is active []


Overfull \hbox (336.25pt too wide) has occurred while \output is active
[]
 []


Underfull \vbox (badness 10000) has occurred while \output is active []


Overfull \hbox (336.25pt too wide) has occurred while \output is active
[]
 []


Underfull \vbox (badness 10000) has occurred while \output is active []


Overfull \hbox (336.25pt too wide) has occurred while \output is active
[]
 []


Underfull \hbox (badness 10000) has occurred while \output is active
 [][][][] 
 []

[3]
Underfull \vbox (badness 10000) has occurred while \output is active []


Overfull \hbox (336.25pt too wide) has occurred while \output is active
[]
 []


Underfull \vbox (badness 10000) has occurred while \output is active []


Overfull \hbox (336.25pt too wide) has occurred while \output is active
[]
 []


Underfull \vbox (badness 10000) has occurred while \output is active []


Overfull \hbox (336.25pt too wide) has occurred while \output is active
[]
 []


Underfull \vbox (badness 10000) has occurred while \output is active []


Overfull \hbox (336.25pt too wide) has occurred while \output is active
[]
 []


Underfull \hbox (badness 10000) has occurred while \output is active
 [][][][] 
 []

[4


]
Underfull \vbox (badness 10000) detected at line 30
 []


Overfull \hbox (336.25pt too wide) detected at line 30
[]
 []


Underfull \vbox (badness 10000) detected at line 30
 []


Overfull \hbox (336.25pt too wide) detected at line 30
[]
 []


Underfull \vbox (badness 10000) detected at line 30
 []


Overfull \hbox (336.25pt too wide) detected at line 30
[]
 []


Underfull \vbox (badness 10000) detected at line 30
 []


Overfull \hbox (336.25pt too wide) detected at line 30
[]
 []


Underfull \hbox (badness 10000) detected at line 30
[]
 []

No file Run_This_Example.toc.
\tf@toc=\write5
\openout5 = `Run_This_Example.toc'.


Underfull \hbox (badness 10000) has occurred while \output is active
 [][][][] 
 []

[7

]
\openout2 = `frontmatter/foreword.aux'.

 (./frontmatter/foreword.tex
Underfull \vbox (badness 10000) has occurred while \output is active []


Overfull \hbox (336.25pt too wide) has occurred while \output is active
[]
 []


Underfull \vbox (badness 10000) has occurred while \output is active []


Overfull \hbox (336.25pt too wide) has occurred while \output is active
[]
 []


Underfull \vbox (badness 10000) has occurred while \output is active []


Overfull \hbox (336.25pt too wide) has occurred while \output is active
[]
 []


Underfull \vbox (badness 10000) has occurred while \output is active []


Overfull \hbox (336.25pt too wide) has occurred while \output is active
[]
 []


Underfull \hbox (badness 10000) has occurred while \output is active
 [][][][] 
 []

[8


]
Underfull \vbox (badness 10000) detected at line 1
 []


Overfull \hbox (336.25pt too wide) detected at line 1
[]
 []


Underfull \vbox (badness 10000) detected at line 1
 []


Overfull \hbox (336.25pt too wide) detected at line 1
[]
 []


Underfull \vbox (badness 10000) detected at line 1
 []


Overfull \hbox (336.25pt too wide) detected at line 1
[]
 []


Underfull \vbox (badness 10000) detected at line 1
 []


Overfull \hbox (336.25pt too wide) detected at line 1
[]
 []


Underfull \hbox (badness 10000) detected at line 1
[]
 []


Underfull \hbox (badness 10000) has occurred while \output is active
 [][][][] 
 []

[9

])
\openout2 = `frontmatter/preface.aux'.

 (./frontmatter/preface.tex
Underfull \vbox (badness 10000) has occurred while \output is active []


Overfull \hbox (336.25pt too wide) has occurred while \output is active
[]
 []


Underfull \vbox (badness 10000) has occurred while \output is active []


Overfull \hbox (336.25pt too wide) has occurred while \output is active
[]
 []


Underfull \vbox (badness 10000) has occurred while \output is active []


Overfull \hbox (336.25pt too wide) has occurred while \output is active
[]
 []


Underfull \vbox (badness 10000) has occurred while \output is active []


Overfull \hbox (336.25pt too wide) has occurred while \output is active
[]
 []


Underfull \hbox (badness 10000) has occurred while \output is active
 [][][][] 
 []

[10



]
Underfull \vbox (badness 10000) detected at line 1
 []


Overfull \hbox (336.25pt too wide) detected at line 1
[]
 []


Underfull \vbox (badness 10000) detected at line 1
 []


Overfull \hbox (336.25pt too wide) detected at line 1
[]
 []


Underfull \vbox (badness 10000) detected at line 1
 []


Overfull \hbox (336.25pt too wide) detected at line 1
[]
 []


Underfull \vbox (badness 10000) detected at line 1
 []


Overfull \hbox (336.25pt too wide) detected at line 1
[]
 []


Underfull \hbox (badness 10000) detected at line 1
[]
 []


Underfull \hbox (badness 10000) has occurred while \output is active
 [][][][] 
 []

[11

]) [12]
Underfull \vbox (badness 10000) detected at line 33
 []


Overfull \hbox (336.25pt too wide) detected at line 33
[]
 []


Underfull \vbox (badness 10000) detected at line 33
 []


Overfull \hbox (336.25pt too wide) detected at line 33
[]
 []


Underfull \vbox (badness 10000) detected at line 33
 []


Overfull \hbox (336.25pt too wide) detected at line 33
[]
 []


Underfull \vbox (badness 10000) detected at line 33
 []


Overfull \hbox (336.25pt too wide) detected at line 33
[]
 []


Underfull \hbox (badness 10000) detected at line 33
[]
 []

No file Run_This_Example.lof.
\tf@lof=\write6
\openout6 = `Run_This_Example.lof'.


Underfull \hbox (badness 10000) has occurred while \output is active
 [][][][] 
 []

[13



]
Underfull \vbox (badness 10000) has occurred while \output is active []


Overfull \hbox (336.25pt too wide) has occurred while \output is active
[]
 []


Underfull \vbox (badness 10000) has occurred while \output is active []


Overfull \hbox (336.25pt too wide) has occurred while \output is active
[]
 []


Underfull \vbox (badness 10000) has occurred while \output is active []


Overfull \hbox (336.25pt too wide) has occurred while \output is active
[]
 []


Underfull \vbox (badness 10000) has occurred while \output is active []


Overfull \hbox (336.25pt too wide) has occurred while \output is active
[]
 []


Underfull \hbox (badness 10000) has occurred while \output is active
 [][][][] 
 []

[14

]
Underfull \vbox (badness 10000) detected at line 34
 []


Overfull \hbox (336.25pt too wide) detected at line 34
[]
 []


Underfull \vbox (badness 10000) detected at line 34
 []


Overfull \hbox (336.25pt too wide) detected at line 34
[]
 []


Underfull \vbox (badness 10000) detected at line 34
 []


Overfull \hbox (336.25pt too wide) detected at line 34
[]
 []


Underfull \vbox (badness 10000) detected at line 34
 []


Overfull \hbox (336.25pt too wide) detected at line 34
[]
 []


Underfull \hbox (badness 10000) detected at line 34
[]
 []

No file Run_This_Example.lot.
\tf@lot=\write7
\openout7 = `Run_This_Example.lot'.


Underfull \hbox (badness 10000) has occurred while \output is active
 [][][][] 
 []

[15

]
\openout2 = `frontmatter/contributor.aux'.

 (./frontmatter/contributor.tex
Underfull \vbox (badness 10000) has occurred while \output is active []


Overfull \hbox (336.25pt too wide) has occurred while \output is active
[]
 []


Underfull \vbox (badness 10000) has occurred while \output is active []


Overfull \hbox (336.25pt too wide) has occurred while \output is active
[]
 []


Underfull \vbox (badness 10000) has occurred while \output is active []


Overfull \hbox (336.25pt too wide) has occurred while \output is active
[]
 []


Underfull \vbox (badness 10000) has occurred while \output is active []


Overfull \hbox (336.25pt too wide) has occurred while \output is active
[]
 []


Underfull \hbox (badness 10000) has occurred while \output is active
 [][][][] 
 []

[16


]
Underfull \vbox (badness 10000) detected at line 2
 []


Overfull \hbox (336.25pt too wide) detected at line 2
[]
 []


Underfull \vbox (badness 10000) detected at line 2
 []


Overfull \hbox (336.25pt too wide) detected at line 2
[]
 []


Underfull \vbox (badness 10000) detected at line 2
 []


Overfull \hbox (336.25pt too wide) detected at line 2
[]
 []


Underfull \vbox (badness 10000) detected at line 2
 []


Overfull \hbox (336.25pt too wide) detected at line 2
[]
 []


Underfull \hbox (badness 10000) detected at line 2
[]
 []


Underfull \hbox (badness 10000) has occurred while \output is active
 [][][][] 
 []

[17

] [18] [19]) [20]
\openout2 = `frontmatter/symbollist.aux'.

 (./frontmatter/symbollist.tex
Underfull \vbox (badness 10000) detected at line 1
 []


Overfull \hbox (336.25pt too wide) detected at line 1
[]
 []


Underfull \vbox (badness 10000) detected at line 1
 []


Overfull \hbox (336.25pt too wide) detected at line 1
[]
 []


Underfull \vbox (badness 10000) detected at line 1
 []


Overfull \hbox (336.25pt too wide) detected at line 1
[]
 []


Underfull \vbox (badness 10000) detected at line 1
 []


Overfull \hbox (336.25pt too wide) detected at line 1
[]
 []


Underfull \hbox (badness 10000) detected at line 1
[]
 []

LaTeX Font Info:    Try loading font information for U+msa on input line 3.
(/usr/local/texlive/2016/texmf-dist/tex/latex/amsfonts/umsa.fd
File: umsa.fd 2013/01/14 v3.01 AMS symbols A
)
LaTeX Font Info:    Try loading font information for U+msb on input line 3.

(/usr/local/texlive/2016/texmf-dist/tex/latex/amsfonts/umsb.fd
File: umsb.fd 2013/01/14 v3.01 AMS symbols B
)
Underfull \hbox (badness 10000) in paragraph at lines 4--4
\OT1/cmr/m/n/10 gram-ming, in-te-ger lin-ear
 []


Underfull \hbox (badness 10000) in paragraph at lines 4--4
\OT1/cmr/m/n/10 gram-ming, branch and
 []


Underfull \hbox (badness 10000) in paragraph at lines 9--9
[]\OT1/cmr/m/n/10 maintenance schedul-ing.
 []

)
Underfull \hbox (badness 10000) has occurred while \output is active
 [][][][] 
 []

[21




]
Underfull \vbox (badness 10000) has occurred while \output is active []


Overfull \hbox (336.25pt too wide) has occurred while \output is active
[]
 []


Underfull \vbox (badness 10000) has occurred while \output is active []


Overfull \hbox (336.25pt too wide) has occurred while \output is active
[]
 []


Underfull \vbox (badness 10000) has occurred while \output is active []


Overfull \hbox (336.25pt too wide) has occurred while \output is active
[]
 []


Underfull \vbox (badness 10000) has occurred while \output is active []


Overfull \hbox (336.25pt too wide) has occurred while \output is active
[]
 []


Underfull \hbox (badness 10000) has occurred while \output is active
 [][][][] 
 []

[22


]
Underfull \vbox (badness 10000) detected at line 40
 []


Overfull \hbox (336.25pt too wide) detected at line 40
[]
 []


Underfull \vbox (badness 10000) detected at line 40
 []


Overfull \hbox (336.25pt too wide) detected at line 40
[]
 []


Underfull \vbox (badness 10000) detected at line 40
 []


Overfull \hbox (336.25pt too wide) detected at line 40
[]
 []


Underfull \vbox (badness 10000) detected at line 40
 []


Overfull \hbox (336.25pt too wide) detected at line 40
[]
 []


Underfull \vbox (badness 10000) has occurred while \output is active []


Overfull \hbox (336.25pt too wide) has occurred while \output is active
[]
 []


Underfull \vbox (badness 10000) has occurred while \output is active []


Overfull \hbox (336.25pt too wide) has occurred while \output is active
[]
 []


Underfull \vbox (badness 10000) has occurred while \output is active []


Overfull \hbox (336.25pt too wide) has occurred while \output is active
[]
 []


Underfull \vbox (badness 10000) has occurred while \output is active []


Overfull \hbox (336.25pt too wide) has occurred while \output is active
[]
 []


Underfull \hbox (badness 10000) has occurred while \output is active
 [][][][] 
 []

[1

]
Underfull \vbox (badness 10000) has occurred while \output is active []


Overfull \hbox (336.25pt too wide) has occurred while \output is active
[]
 []


Underfull \vbox (badness 10000) has occurred while \output is active []


Overfull \hbox (336.25pt too wide) has occurred while \output is active
[]
 []


Underfull \vbox (badness 10000) has occurred while \output is active []


Overfull \hbox (336.25pt too wide) has occurred while \output is active
[]
 []


Underfull \vbox (badness 10000) has occurred while \output is active []


Overfull \hbox (336.25pt too wide) has occurred while \output is active
[]
 []


Underfull \hbox (badness 10000) has occurred while \output is active
 [][][][] 
 []

[2]
\openout2 = `chapters/chapter1/ch1.aux'.

 (./chapters/chapter1/ch1.tex
Underfull \vbox (badness 10000) detected at line 1
 []


Overfull \hbox (336.25pt too wide) detected at line 1
[]
 []


Underfull \vbox (badness 10000) detected at line 1
 []


Overfull \hbox (336.25pt too wide) detected at line 1
[]
 []


Underfull \vbox (badness 10000) detected at line 1
 []


Overfull \hbox (336.25pt too wide) detected at line 1
[]
 []


Underfull \vbox (badness 10000) detected at line 1
 []


Overfull \hbox (336.25pt too wide) detected at line 1
[]
 []

Chapter 1.
(./1.toc)
\openout3 = `1.toc'.



LaTeX Warning: Citation `Bontempi2005Adaptive' on page 3 undefined on input lin
e 17.


Underfull \hbox (badness 10000) detected at line 23
 [][]
 []


Underfull \hbox (badness 10000) detected at line 23
[]
 []


Underfull \hbox (badness 10000) detected at line 26
 [][]
 []


Underfull \hbox (badness 10000) detected at line 26
[]
 []


Underfull \hbox (badness 10000) has occurred while \output is active
 [][][][] 
 []

[3




Non-PDF special ignored!
Non-PDF special ignored!]
Underfull \hbox (badness 10000) detected at line 63
 [][]
 []


Underfull \hbox (badness 10000) detected at line 63
[]
 []


Underfull \hbox (badness 10000) detected at line 66
 [][]
 []


Underfull \hbox (badness 10000) detected at line 66
[]
 []


Underfull \hbox (badness 10000) detected at line 69
 [][]
 []


Underfull \hbox (badness 10000) detected at line 69
[]
 []


LaTeX Warning: Citation `ilyas2004hsn' on page 4 undefined on input line 82.

[4
Non-PDF special ignored!
Non-PDF special ignored!
Non-PDF special ignored!
Non-PDF special ignored!
Non-PDF special ignored!
Non-PDF special ignored!
Non-PDF special ignored!
Non-PDF special ignored!
Non-PDF special ignored!
Non-PDF special ignored!
Non-PDF special ignored!
Non-PDF special ignored!
Non-PDF special ignored!]
Overfull \hbox (30.00005pt too wide) in paragraph at lines 106--106
| 
 []


LaTeX Warning: Citation `diamantaras1996pcn' on page 5 undefined on input line 
122.


LaTeX Warning: Citation `diamantaras1996pcn' on page 5 undefined on input line 
124.

[5]

LaTeX Warning: Citation `jolliffe2002pca' on page 6 undefined on input line 150
.


LaTeX Warning: Citation `hyvarinen2001ica' on page 6 undefined on input line 15
3.

[6
Non-PDF special ignored!
Non-PDF special ignored!
Non-PDF special ignored!
Non-PDF special ignored!]

LaTeX Warning: Citation `yao2002can' on page 7 undefined on input line 162.


LaTeX Warning: Citation `madden2002tta' on page 7 undefined on input line 162.


LaTeX Warning: Reference `intro' on page 7 undefined on input line 162.


LaTeX Warning: Reference `sec:reclinkage' on page 7 undefined on input line 162
.


LaTeX Warning: Citation `jain2004ass' on page 7 undefined on input line 181.


LaTeX Warning: Citation `jolliffe2002pca' on page 7 undefined on input line 181
.


LaTeX Warning: Reference `intro' on page 7 undefined on input line 181.


Overfull \hbox (0.5pt too wide) in paragraph at lines 185--185
| [] 
 []

[7]

LaTeX Warning: Citation `madden2005taq' on page 8 undefined on input line 213.

Package epstopdf Info: Source file: <Chapters/chapter1/figures/cat.eps>
(epstopdf)                    date: 2015-03-03 08:19:34
(epstopdf)                    size: 15737 bytes
(epstopdf)             Output file: <Chapters/chapter1/figures/cat-eps-converte
d-to.pdf>
(epstopdf)                    date: 2017-04-25 20:27:09
(epstopdf)                    size: 3050 bytes
(epstopdf)             Command: <repstopdf --outfile=Chapters/chapter1/figures/
cat-eps-converted-to.pdf Chapters/chapter1/figures/cat.eps>
(epstopdf)             \includegraphics on input line 253.
Package epstopdf Info: Output file is already uptodate.

<Chapters/chapter1/figures/cat-eps-converted-to.pdf, id=102, 36.135pt x 32.12pt
>
File: Chapters/chapter1/figures/cat-eps-converted-to.pdf Graphic file (type pdf
)
 <use Chapters/chapter1/figures/cat-eps-converted-to.pdf>
Package pdftex.def Info: Chapters/chapter1/figures/cat-eps-converted-to.pdf use
d on input line 253.
(pdftex.def)             Requested size: 350.0953pt x 200.0652pt.

Overfull \hbox (13.5953pt too wide) in paragraph at lines 253--255
[][] 
 []

Package epstopdf Info: Source file: <Chapters/chapter1/figures/cat.eps>
(epstopdf)                    date: 2015-03-03 08:19:34
(epstopdf)                    size: 15737 bytes
(epstopdf)             Output file: <Chapters/chapter1/figures/cat-eps-converte
d-to.pdf>
(epstopdf)                    date: 2017-04-25 20:27:09
(epstopdf)                    size: 3050 bytes
(epstopdf)             Command: <repstopdf --outfile=Chapters/chapter1/figures/
cat-eps-converted-to.pdf Chapters/chapter1/figures/cat.eps>
(epstopdf)             \includegraphics on input line 261.
Package epstopdf Info: Output file is already uptodate.
File: Chapters/chapter1/figures/cat-eps-converted-to.pdf Graphic file (type pdf
)
<use Chapters/chapter1/figures/cat-eps-converted-to.pdf>
Package pdftex.def Info: Chapters/chapter1/figures/cat-eps-converted-to.pdf use
d on input line 261.
(pdftex.def)             Requested size: 200.0547pt x 200.0652pt.
Package epstopdf Info: Source file: <Chapters/chapter1/figures/Histogram.eps>
(epstopdf)                    date: 2015-03-03 08:19:34
(epstopdf)                    size: 12659 bytes
(epstopdf)             Output file: <Chapters/chapter1/figures/Histogram-eps-co
nverted-to.pdf>
(epstopdf)                    date: 2017-04-25 20:27:09
(epstopdf)                    size: 4482 bytes
(epstopdf)             Command: <repstopdf --outfile=Chapters/chapter1/figures/
Histogram-eps-converted-to.pdf Chapters/chapter1/figures/Histogram.eps>
(epstopdf)             \includegraphics on input line 274.
Package epstopdf Info: Output file is already uptodate.

<Chapters/chapter1/figures/Histogram-eps-converted-to.pdf, id=103, 500.87125pt 
x 408.52625pt>
File: Chapters/chapter1/figures/Histogram-eps-converted-to.pdf Graphic file (ty
pe pdf)
 <use Chapters/chapter1/figures/Histogram-eps-converted-to.pdf>
Package pdftex.def Info: Chapters/chapter1/figures/Histogram-eps-converted-to.p
df used on input line 274.
(pdftex.def)             Requested size: 500.87001pt x 408.52525pt.
Package epstopdf Info: Source file: <Chapters/chapter1/figures/Histogram.eps>
(epstopdf)                    date: 2015-03-03 08:19:34
(epstopdf)                    size: 12659 bytes
(epstopdf)             Output file: <Chapters/chapter1/figures/Histogram-eps-co
nverted-to.pdf>
(epstopdf)                    date: 2017-04-25 20:27:09
(epstopdf)                    size: 4482 bytes
(epstopdf)             Command: <repstopdf --outfile=Chapters/chapter1/figures/
Histogram-eps-converted-to.pdf Chapters/chapter1/figures/Histogram.eps>
(epstopdf)             \includegraphics on input line 275.
Package epstopdf Info: Output file is already uptodate.
File: Chapters/chapter1/figures/Histogram-eps-converted-to.pdf Graphic file (ty
pe pdf)

<use Chapters/chapter1/figures/Histogram-eps-converted-to.pdf>
Package pdftex.def Info: Chapters/chapter1/figures/Histogram-eps-converted-to.p
df used on input line 275.
(pdftex.def)             Requested size: 500.87001pt x 408.52525pt.


LaTeX Warning: Citation `mardia1979ma' on page 8 undefined on input line 283.


LaTeX Warning: Citation `yao2002can' on page 8 undefined on input line 292.


Underfull \hbox (badness 10000) detected at line 297
 [][]
 []


Underfull \hbox (badness 10000) detected at line 297
[]
 []


Underfull \hbox (badness 10000) detected at line 299
 [][]
 []


Underfull \hbox (badness 10000) detected at line 299
[]
 []

[8
Non-PDF special ignored!
Non-PDF special ignored!] [9 <./Chapters/chapter1/figures/cat-eps-converted-to.
pdf>]

LaTeX Warning: Citation `hyvarinen2001ica' on page 10 undefined on input line 3
57.

[10] [11 <./Chapters/chapter1/figures/Histogram-eps-converted-to.pdf>]
Overfull \hbox (30.00005pt too wide) in paragraph at lines 376--376
| 
 []

) [12]
No file Run_This_Example.bbl.
No file Run_This_Example.ind.
(./Run_This_Example.aux (./frontmatter/dedication.aux)
(./frontmatter/foreword.aux) (./frontmatter/preface.aux)
(./frontmatter/contributor.aux) (./frontmatter/symbollist.aux)
(./chapters/chapter1/ch1.aux))

LaTeX Warning: There were undefined references.


LaTeX Warning: Label(s) may have changed. Rerun to get cross-references right.

 ) 
Here is how much of TeX's memory you used:
 3603 strings out of 493014
 52049 string characters out of 6133351
 119698 words of memory out of 5000000
 7050 multiletter control sequences out of 15000+600000
 11695 words of font info for 42 fonts, out of 8000000 for 9000
 1141 hyphenation exceptions out of 8191
 38i,10n,38p,1185b,327s stack positions out of 5000i,500n,10000p,200000b,80000s
</usr/local/texlive/2016/texmf-dist/fonts/type1/public/amsfonts/cm/cmbx10.pfb
></usr/local/texlive/2016/texmf-dist/fonts/type1/public/amsfonts/cm/cmbx12.pfb>
</usr/local/texlive/2016/texmf-dist/fonts/type1/public/amsfonts/cm/cmbxsl10.pfb
></usr/local/texlive/2016/texmf-dist/fonts/type1/public/amsfonts/cm/cmex10.pfb>
</usr/local/texlive/2016/texmf-dist/fonts/type1/public/amsfonts/cm/cmmi10.pfb><
/usr/local/texlive/2016/texmf-dist/fonts/type1/public/amsfonts/cm/cmmi7.pfb></u
sr/local/texlive/2016/texmf-dist/fonts/type1/public/amsfonts/cm/cmr10.pfb></usr
/local/texlive/2016/texmf-dist/fonts/type1/public/amsfonts/cm/cmr7.pfb></usr/lo
cal/texlive/2016/texmf-dist/fonts/type1/public/amsfonts/cm/cmr8.pfb></usr/local
/texlive/2016/texmf-dist/fonts/type1/public/amsfonts/cm/cmr9.pfb></usr/local/te
xlive/2016/texmf-dist/fonts/type1/public/amsfonts/cm/cmsl12.pfb></usr/local/tex
live/2016/texmf-dist/fonts/type1/public/amsfonts/cm/cmsy10.pfb></usr/local/texl
ive/2016/texmf-dist/fonts/type1/public/amsfonts/cm/cmsy7.pfb></usr/local/texliv
e/2016/texmf-dist/fonts/type1/public/amsfonts/cm/cmti10.pfb></usr/local/texlive
/2016/texmf-dist/fonts/type1/public/amsfonts/cm/cmti12.pfb></usr/local/texlive/
2016/texmf-dist/fonts/type1/public/amsfonts/symbols/msam10.pfb></usr/local/texl
ive/2016/texmf-dist/fonts/type1/public/amsfonts/symbols/msbm10.pfb>
Output written on Run_This_Example.pdf (32 pages, 239188 bytes).
PDF statistics:
 183 PDF objects out of 1000 (max. 8388607)
 128 compressed objects within 2 object streams
 0 named destinations out of 1000 (max. 500000)
 11 words of extra memory for PDF output out of 10000 (max. 10000000)

