\BOOKMARK [0][-]{chapter*.2}{\376\377\000P\000r\000e\000f\000a\000c\000e}{}% 1
\BOOKMARK [1][-]{section*.3}{\376\377\000W\000h\000y\000\040\000r\000e\000a\000d\000\040\000t\000h\000i\000s\000\040\000b\000o\000o\000k}{chapter*.2}% 2
\BOOKMARK [1][-]{section*.4}{\376\377\000S\000t\000r\000u\000c\000t\000u\000r\000e\000\040\000o\000f\000\040\000t\000h\000e\000\040\000b\000o\000o\000k}{chapter*.2}% 3
\BOOKMARK [1][-]{section*.5}{\376\377\000S\000o\000f\000t\000w\000a\000r\000e\000\040\000i\000n\000f\000o\000r\000m\000a\000t\000i\000o\000n\000\040\000a\000n\000d\000\040\000c\000o\000n\000v\000e\000n\000t\000i\000o\000n\000s}{chapter*.2}% 4
\BOOKMARK [1][-]{section*.6}{\376\377\000A\000c\000k\000n\000o\000w\000l\000e\000d\000g\000m\000e\000n\000t\000s}{chapter*.2}% 5
\BOOKMARK [0][-]{chapter*.7}{\376\377\000A\000b\000o\000u\000t\000\040\000t\000h\000e\000\040\000A\000u\000t\000h\000o\000r}{}% 6
\BOOKMARK [0][-]{chapter.1}{\376\377\000I\000n\000t\000r\000o\000d\000u\000c\000t\000i\000o\000n\000\040\000t\000o\000\040\000S\000t\000a\000t\000i\000s\000t\000i\000c\000a\000l\000\040\000G\000e\000n\000e\000t\000i\000c\000s}{}% 7
\BOOKMARK [0][-]{chapter.2}{\376\377\000Q\000u\000a\000n\000t\000i\000t\000a\000t\000i\000v\000e\000\040\000G\000e\000n\000e\000t\000i\000c\000s}{}% 8
\BOOKMARK [1][-]{section.2.1}{\376\377\000Q\000T\000L\000\040\000a\000n\000a\000l\000y\000s\000i\000s}{chapter.2}% 9
\BOOKMARK [1][-]{section.2.2}{\376\377\000G\000e\000n\000e\000\040\000x\000\040\000E\000n\000v\000i\000r\000o\000n\000m\000e\000n\000t\000\040\000i\000n\000t\000e\000r\000a\000c\000t\000i\000o\000n\000s}{chapter.2}% 10
\BOOKMARK [1][-]{section.2.3}{\376\377\000V\000a\000r\000i\000a\000n\000c\000e\000\040\000a\000n\000d\000\040\000h\000e\000r\000i\000t\000a\000b\000i\000l\000i\000t\000y}{chapter.2}% 11
\BOOKMARK [0][-]{chapter.3}{\376\377\000P\000o\000p\000u\000l\000a\000t\000i\000o\000n\000\040\000G\000e\000n\000e\000t\000i\000c\000s}{}% 12
\BOOKMARK [1][-]{section.3.1}{\376\377\000H\000a\000r\000d\000y\000-\000W\000e\000i\000n\000b\000e\000r\000g}{chapter.3}% 13
\BOOKMARK [1][-]{section.3.2}{\376\377\000L\000i\000n\000k\000a\000g\000e\000\040\000D\000i\000s\000e\000q\000u\000i\000l\000i\000b\000r\000i\000u\000m}{chapter.3}% 14
\BOOKMARK [0][-]{chapter.4}{\376\377\000E\000v\000o\000l\000u\000t\000i\000o\000n\000a\000r\000y\000\040\000G\000e\000n\000e\000t\000i\000c\000s}{}% 15
\BOOKMARK [1][-]{section.4.1}{\376\377\000E\000v\000o\000l\000u\000t\000i\000o\000n\000\040\000o\000f\000\040\000g\000e\000n\000e\000t\000i\000c\000\040\000s\000y\000s\000t\000e\000m\000s}{chapter.4}% 16
\BOOKMARK [1][-]{section.4.2}{\376\377\000P\000h\000y\000l\000o\000g\000e\000n\000e\000t\000i\000c\000s}{chapter.4}% 17
\BOOKMARK [1][-]{section.4.3}{\376\377\000G\000a\000m\000e\000\040\000T\000h\000e\000o\000r\000y}{chapter.4}% 18
\BOOKMARK [1][-]{section.4.4}{\376\377\000G\000e\000n\000e\000t\000i\000c\000\040\000A\000l\000g\000o\000r\000i\000t\000h\000m\000s}{chapter.4}% 19
\BOOKMARK [1][-]{section.4.5}{\376\377\000E\000v\000o\000l\000u\000t\000i\000o\000n\000a\000r\000y\000\040\000A\000l\000g\000o\000r\000i\000t\000h\000m\000s}{chapter.4}% 20
\BOOKMARK [0][-]{chapter.5}{\376\377\000G\000e\000n\000e\000t\000i\000c\000s\000\040\000o\000f\000\040\000c\000o\000m\000p\000l\000e\000x\000\040\000d\000i\000s\000e\000a\000s\000e\000s}{}% 21
\BOOKMARK [1][-]{section.5.1}{\376\377\000G\000e\000n\000o\000m\000e\000\040\000W\000i\000d\000e\000\040\000A\000s\000s\000o\000c\000i\000a\000t\000i\000o\000n\000\040\000S\000t\000u\000d\000i\000e\000s\000\040\000\050\000G\000W\000A\000S\000\051}{chapter.5}% 22
\BOOKMARK [1][-]{section.5.2}{\376\377\000P\000e\000d\000i\000g\000r\000e\000e\000\040\000a\000n\000a\000l\000y\000s\000i\000s}{chapter.5}% 23
\BOOKMARK [0][-]{chapter.6}{\376\377\000G\000e\000n\000e\000t\000i\000c\000\040\000E\000p\000i\000d\000e\000m\000i\000o\000l\000o\000g\000y}{}% 24
\BOOKMARK [1][-]{section.6.1}{\376\377\000I\000n\000f\000e\000c\000t\000i\000o\000n\000\040\000m\000o\000d\000e\000l\000s}{chapter.6}% 25
